<?xml version="1.0" encoding="UTF-8"?>
<testsuite xmlns:xsi="http://www.w3.org/2001/XMLSchema-instance" xsi:noNamespaceSchemaLocation="https://maven.apache.org/surefire/maven-surefire-plugin/xsd/surefire-test-report-3.0.xsd" version="3.0" name="com.project.creditsimulator.service.CreditServiceTest" time="1.57" tests="15" errors="0" skipped="0" failures="0">
  <properties>
[...]
</properties>
  <testcase name="testGetInterestRate" classname="com.project.creditsimulator.service.CreditServiceTest" time="0.227"/>
  <testcase name="testLoadFromWebService_InvalidResponse" classname="com.project.creditsimulator.service.CreditServiceTest" time="1.18">
    <system-out><![CDATA[2025-02-27 14:03:28 [main] ERROR c.p.c.service.CreditService - Error fetching data from web service: com.google.gson.stream.MalformedJsonException: Use JsonReader.setStrictness(Strictness.LENIENT) to accept malformed JSON at line 1 column 10 path $
See https://github.com/google/gson/blob/main/Troubleshooting.md#malformed-json
]]></system-out>
  </testcase>
  <testcase name="testProcessFile_FileNotFound" classname="com.project.creditsimulator.service.CreditServiceTest" time="0.004">
    <system-out><![CDATA[2025-02-27 14:03:28 [main] ERROR c.p.c.service.CreditService - File not found: non_existent_file.txt
]]></system-out>
  </testcase>
  <testcase name="testInvalidLoanAmount" classname="com.project.creditsimulator.service.CreditServiceTest" time="0.007"/>
  <testcase name="testProcessFile" classname="com.project.creditsimulator.service.CreditServiceTest" time="0.053">
    <system-out><![CDATA[2025-02-27 14:03:28 [main] INFO  c.p.c.service.CreditService - Line string : Mobil|BARU|2024|100000000|5|35
2025-02-27 14:03:28 [main] INFO  c.p.c.service.CreditService - Processing Credit Data (Line 1): Credit[vehicleType=Mobil, vehicleCondition=BARU, vehicleYear=2024, loanAmount=100000000, tenure=5, downPaymentPercent=35]
2025-02-27 14:03:28 [main] INFO  c.p.c.service.CreditService - Year 1: Rp. 1,170,000.00/month, Interest Rate: 8%
2025-02-27 14:03:28 [main] INFO  c.p.c.service.CreditService - Year 2: Rp. 1,264,770.00/month, Interest Rate: 8.1%
2025-02-27 14:03:28 [main] INFO  c.p.c.service.CreditService - Year 3: Rp. 1,373,540.22/month, Interest Rate: 8.6%
2025-02-27 14:03:28 [main] INFO  c.p.c.service.CreditService - Year 4: Rp. 1,498,532.38/month, Interest Rate: 9.1%
2025-02-27 14:03:28 [main] INFO  c.p.c.service.CreditService - Year 5: Rp. 1,642,391.49/month, Interest Rate: 9.6%
]]></system-out>
  </testcase>
  <testcase name="testLoadFromWebService" classname="com.project.creditsimulator.service.CreditServiceTest" time="0.035">
    <system-out><![CDATA[2025-02-27 14:03:28 [main] INFO  c.p.c.service.CreditService - Received 1 credit records from web service
2025-02-27 14:03:28 [main] INFO  c.p.c.service.CreditService - Year 1: Rp. 585,000.00/month, Interest Rate: 8%
2025-02-27 14:03:28 [main] INFO  c.p.c.service.CreditService - Year 2: Rp. 632,385.00/month, Interest Rate: 8.1%
2025-02-27 14:03:28 [main] INFO  c.p.c.service.CreditService - Year 3: Rp. 686,770.11/month, Interest Rate: 8.6%
2025-02-27 14:03:28 [main] INFO  c.p.c.service.CreditService - Year 4: Rp. 749,266.19/month, Interest Rate: 9.1%
2025-02-27 14:03:28 [main] INFO  c.p.c.service.CreditService - Year 5: Rp. 821,195.74/month, Interest Rate: 9.6%
]]></system-out>
  </testcase>
  <testcase name="testNullDownPaymentPercent" classname="com.project.creditsimulator.service.CreditServiceTest" time="0.002"/>
  <testcase name="testDownPaymentValidation" classname="com.project.creditsimulator.service.CreditServiceTest" time="0.002"/>
  <testcase name="testInvalidVehicleYearForNew" classname="com.project.creditsimulator.service.CreditServiceTest" time="0.005"/>
  <testcase name="testInvalidVehicleYearFormat" classname="com.project.creditsimulator.service.CreditServiceTest" time="0.002"/>
  <testcase name="testInvalidTenure" classname="com.project.creditsimulator.service.CreditServiceTest" time="0.002"/>
  <testcase name="testDisplayInstallments" classname="com.project.creditsimulator.service.CreditServiceTest" time="0.006">
    <system-out><![CDATA[2025-02-27 14:03:28 [main] INFO  c.p.c.service.CreditService - Year 1: Rp. 1,170,000.00/month, Interest Rate: 8%
2025-02-27 14:03:28 [main] INFO  c.p.c.service.CreditService - Year 2: Rp. 1,264,770.00/month, Interest Rate: 8.1%
2025-02-27 14:03:28 [main] INFO  c.p.c.service.CreditService - Year 3: Rp. 1,373,540.22/month, Interest Rate: 8.6%
2025-02-27 14:03:28 [main] INFO  c.p.c.service.CreditService - Year 4: Rp. 1,498,532.38/month, Interest Rate: 9.1%
2025-02-27 14:03:28 [main] INFO  c.p.c.service.CreditService - Year 5: Rp. 1,642,391.49/month, Interest Rate: 9.6%
]]></system-out>
  </testcase>
  <testcase name="testGetMonthlyInstallment" classname="com.project.creditsimulator.service.CreditServiceTest" time="0.003"/>
  <testcase name="testValidCredit" classname="com.project.creditsimulator.service.CreditServiceTest" time="0.002"/>
  <testcase name="testCalculateInstallments" classname="com.project.creditsimulator.service.CreditServiceTest" time="0.001"/>
</testsuite>