<?xml version="1.0" encoding="UTF-8"?>
<testsuite xmlns:xsi="http://www.w3.org/2001/XMLSchema-instance" xsi:noNamespaceSchemaLocation="https://maven.apache.org/surefire/maven-surefire-plugin/xsd/surefire-test-report-3.0.xsd" version="3.0" name="com.project.creditsimulator.service.CreditServiceTest" time="1.289" tests="6" errors="0" skipped="0" failures="0">
  <properties>
[...]
</properties>
  <testcase name="testGetInterestRate" classname="com.project.creditsimulator.service.CreditServiceTest" time="0.194"/>
  <testcase name="testInputValidation_UsedVehicle_Valid" classname="com.project.creditsimulator.service.CreditServiceTest" time="0.002"/>
  <testcase name="testInputValidation_NewVehicle_Valid" classname="com.project.creditsimulator.service.CreditServiceTest" time="0.001"/>
  <testcase name="testProcessFile(Path)" classname="com.project.creditsimulator.service.CreditServiceTest" time="1.055">
    <system-out><![CDATA[2025-02-17 12:58:44 [main] INFO  c.p.c.service.CreditService - Line string : Mobil|Baru|2024|500000000|5|175000000
2025-02-17 12:58:44 [main] INFO  c.p.c.service.CreditService - Processing Credit Data (Line 1): Credit[vehicleType=Mobil, vehicleCondition=Baru, vehicleYear=2024, loanAmount=500000000, tenure=5, downPayment=175000000]
2025-02-17 12:58:44 [main] INFO  c.p.c.service.CreditService - Year 1: Rp. 5,850,000.00/month, Interest Rate: 8%
2025-02-17 12:58:44 [main] INFO  c.p.c.service.CreditService - Year 2: Rp. 6,323,850.00/month, Interest Rate: 8.1%
2025-02-17 12:58:44 [main] INFO  c.p.c.service.CreditService - Year 3: Rp. 6,867,701.10/month, Interest Rate: 8.6%
2025-02-17 12:58:44 [main] INFO  c.p.c.service.CreditService - Year 4: Rp. 7,492,661.90/month, Interest Rate: 9.1%
2025-02-17 12:58:44 [main] INFO  c.p.c.service.CreditService - Year 5: Rp. 8,211,957.44/month, Interest Rate: 9.6%
]]></system-out>
  </testcase>
  <testcase name="testInputValidation_InvalidYear" classname="com.project.creditsimulator.service.CreditServiceTest" time="0.007"/>
  <testcase name="testCalculateInstallments" classname="com.project.creditsimulator.service.CreditServiceTest" time="0.003"/>
</testsuite>